0 info it worked if it ends with ok
1 verbose cli [ '/usr/local/Cellar/node/7.6.0/bin/node',
1 verbose cli   '/Users/artful_addict/.npm-global/bin/npm',
1 verbose cli   'run',
1 verbose cli   'server' ]
2 info using npm@3.10.6
3 info using node@v7.6.0
4 verbose stack Error: missing script: server
4 verbose stack     at run (/Users/artful_addict/.npm-global/lib/node_modules/npm/lib/run-script.js:151:19)
4 verbose stack     at /Users/artful_addict/.npm-global/lib/node_modules/npm/lib/run-script.js:61:5
4 verbose stack     at /Users/artful_addict/.npm-global/lib/node_modules/npm/node_modules/read-package-json/read-json.js:356:5
4 verbose stack     at checkBinReferences_ (/Users/artful_addict/.npm-global/lib/node_modules/npm/node_modules/read-package-json/read-json.js:320:45)
4 verbose stack     at final (/Users/artful_addict/.npm-global/lib/node_modules/npm/node_modules/read-package-json/read-json.js:354:3)
4 verbose stack     at then (/Users/artful_addict/.npm-global/lib/node_modules/npm/node_modules/read-package-json/read-json.js:124:5)
4 verbose stack     at /Users/artful_addict/.npm-global/lib/node_modules/npm/node_modules/read-package-json/read-json.js:243:12
4 verbose stack     at /Users/artful_addict/.npm-global/lib/node_modules/npm/node_modules/graceful-fs/graceful-fs.js:78:16
4 verbose stack     at tryToString (fs.js:447:3)
4 verbose stack     at FSReqWrap.readFileAfterClose [as oncomplete] (fs.js:434:12)
5 verbose cwd /Users/artful_addict/Documents/projects/kh_squared_client/public_html/kh-squared-coming-soon
6 error Darwin 16.4.0
7 error argv "/usr/local/Cellar/node/7.6.0/bin/node" "/Users/artful_addict/.npm-global/bin/npm" "run" "server"
8 error node v7.6.0
9 error npm  v3.10.6
10 error missing script: server
11 error If you need help, you may report this error at:
11 error     <https://github.com/npm/npm/issues>
12 verbose exit [ 1, true ]
